<?xml version="1.0" encoding="UTF-8"?>
<testsuite xmlns:xsi="http://www.w3.org/2001/XMLSchema-instance" xsi:noNamespaceSchemaLocation="https://maven.apache.org/surefire/maven-surefire-plugin/xsd/surefire-test-report.xsd" version="3.0.2" name="com.suli.springmybaties.mapper.UserInfoMapperTest" time="3.71" tests="6" errors="0" skipped="0" failures="0">
  <properties>
    <property name="java.specification.version" value="17"/>
    <property name="sun.cpu.isalist" value="amd64"/>
    <property name="sun.jnu.encoding" value="GBK"/>
    <property name="java.class.path" value="D:\Second warehouse_code\Spring-mybaties\target\test-classes;D:\Second warehouse_code\Spring-mybaties\target\classes;D:\My_warehouse\.m2\repository\org\springframework\boot\spring-boot-starter-web\3.4.3\spring-boot-starter-web-3.4.3.jar;D:\My_warehouse\.m2\repository\org\springframework\boot\spring-boot-starter\3.4.3\spring-boot-starter-3.4.3.jar;D:\My_warehouse\.m2\repository\org\springframework\boot\spring-boot\3.4.3\spring-boot-3.4.3.jar;D:\My_warehouse\.m2\repository\org\springframework\boot\spring-boot-autoconfigure\3.4.3\spring-boot-autoconfigure-3.4.3.jar;D:\My_warehouse\.m2\repository\org\springframework\boot\spring-boot-starter-logging\3.4.3\spring-boot-starter-logging-3.4.3.jar;D:\My_warehouse\.m2\repository\ch\qos\logback\logback-classic\1.5.16\logback-classic-1.5.16.jar;D:\My_warehouse\.m2\repository\ch\qos\logback\logback-core\1.5.16\logback-core-1.5.16.jar;D:\My_warehouse\.m2\repository\org\apache\logging\log4j\log4j-to-slf4j\2.24.3\log4j-to-slf4j-2.24.3.jar;D:\My_warehouse\.m2\repository\org\apache\logging\log4j\log4j-api\2.24.3\log4j-api-2.24.3.jar;D:\My_warehouse\.m2\repository\org\slf4j\jul-to-slf4j\2.0.16\jul-to-slf4j-2.0.16.jar;D:\My_warehouse\.m2\repository\jakarta\annotation\jakarta.annotation-api\2.1.1\jakarta.annotation-api-2.1.1.jar;D:\My_warehouse\.m2\repository\org\yaml\snakeyaml\2.3\snakeyaml-2.3.jar;D:\My_warehouse\.m2\repository\org\springframework\boot\spring-boot-starter-json\3.4.3\spring-boot-starter-json-3.4.3.jar;D:\My_warehouse\.m2\repository\com\fasterxml\jackson\core\jackson-databind\2.18.2\jackson-databind-2.18.2.jar;D:\My_warehouse\.m2\repository\com\fasterxml\jackson\core\jackson-annotations\2.18.2\jackson-annotations-2.18.2.jar;D:\My_warehouse\.m2\repository\com\fasterxml\jackson\core\jackson-core\2.18.2\jackson-core-2.18.2.jar;D:\My_warehouse\.m2\repository\com\fasterxml\jackson\datatype\jackson-datatype-jdk8\2.18.2\jackson-datatype-jdk8-2.18.2.jar;D:\My_warehouse\.m2\repository\com\fasterxml\jackson\datatype\jackson-datatype-jsr310\2.18.2\jackson-datatype-jsr310-2.18.2.jar;D:\My_warehouse\.m2\repository\com\fasterxml\jackson\module\jackson-module-parameter-names\2.18.2\jackson-module-parameter-names-2.18.2.jar;D:\My_warehouse\.m2\repository\org\springframework\boot\spring-boot-starter-tomcat\3.4.3\spring-boot-starter-tomcat-3.4.3.jar;D:\My_warehouse\.m2\repository\org\apache\tomcat\embed\tomcat-embed-core\10.1.36\tomcat-embed-core-10.1.36.jar;D:\My_warehouse\.m2\repository\org\apache\tomcat\embed\tomcat-embed-el\10.1.36\tomcat-embed-el-10.1.36.jar;D:\My_warehouse\.m2\repository\org\apache\tomcat\embed\tomcat-embed-websocket\10.1.36\tomcat-embed-websocket-10.1.36.jar;D:\My_warehouse\.m2\repository\org\springframework\spring-web\6.2.3\spring-web-6.2.3.jar;D:\My_warehouse\.m2\repository\org\springframework\spring-beans\6.2.3\spring-beans-6.2.3.jar;D:\My_warehouse\.m2\repository\io\micrometer\micrometer-observation\1.14.4\micrometer-observation-1.14.4.jar;D:\My_warehouse\.m2\repository\io\micrometer\micrometer-commons\1.14.4\micrometer-commons-1.14.4.jar;D:\My_warehouse\.m2\repository\org\springframework\spring-webmvc\6.2.3\spring-webmvc-6.2.3.jar;D:\My_warehouse\.m2\repository\org\springframework\spring-aop\6.2.3\spring-aop-6.2.3.jar;D:\My_warehouse\.m2\repository\org\springframework\spring-context\6.2.3\spring-context-6.2.3.jar;D:\My_warehouse\.m2\repository\org\springframework\spring-expression\6.2.3\spring-expression-6.2.3.jar;D:\My_warehouse\.m2\repository\org\mybatis\spring\boot\mybatis-spring-boot-starter\3.0.4\mybatis-spring-boot-starter-3.0.4.jar;D:\My_warehouse\.m2\repository\org\springframework\boot\spring-boot-starter-jdbc\3.4.3\spring-boot-starter-jdbc-3.4.3.jar;D:\My_warehouse\.m2\repository\com\zaxxer\HikariCP\5.1.0\HikariCP-5.1.0.jar;D:\My_warehouse\.m2\repository\org\springframework\spring-jdbc\6.2.3\spring-jdbc-6.2.3.jar;D:\My_warehouse\.m2\repository\org\mybatis\spring\boot\mybatis-spring-boot-autoconfigure\3.0.4\mybatis-spring-boot-autoconfigure-3.0.4.jar;D:\My_warehouse\.m2\repository\org\mybatis\mybatis\3.5.17\mybatis-3.5.17.jar;D:\My_warehouse\.m2\repository\org\mybatis\mybatis-spring\3.0.4\mybatis-spring-3.0.4.jar;D:\My_warehouse\.m2\repository\com\mysql\mysql-connector-j\9.1.0\mysql-connector-j-9.1.0.jar;D:\My_warehouse\.m2\repository\org\projectlombok\lombok\1.18.36\lombok-1.18.36.jar;D:\My_warehouse\.m2\repository\org\springframework\boot\spring-boot-starter-test\3.4.3\spring-boot-starter-test-3.4.3.jar;D:\My_warehouse\.m2\repository\org\springframework\boot\spring-boot-test\3.4.3\spring-boot-test-3.4.3.jar;D:\My_warehouse\.m2\repository\org\springframework\boot\spring-boot-test-autoconfigure\3.4.3\spring-boot-test-autoconfigure-3.4.3.jar;D:\My_warehouse\.m2\repository\com\jayway\jsonpath\json-path\2.9.0\json-path-2.9.0.jar;D:\My_warehouse\.m2\repository\org\slf4j\slf4j-api\2.0.16\slf4j-api-2.0.16.jar;D:\My_warehouse\.m2\repository\jakarta\xml\bind\jakarta.xml.bind-api\4.0.2\jakarta.xml.bind-api-4.0.2.jar;D:\My_warehouse\.m2\repository\jakarta\activation\jakarta.activation-api\2.1.3\jakarta.activation-api-2.1.3.jar;D:\My_warehouse\.m2\repository\net\minidev\json-smart\2.5.2\json-smart-2.5.2.jar;D:\My_warehouse\.m2\repository\net\minidev\accessors-smart\2.5.2\accessors-smart-2.5.2.jar;D:\My_warehouse\.m2\repository\org\ow2\asm\asm\9.7.1\asm-9.7.1.jar;D:\My_warehouse\.m2\repository\org\assertj\assertj-core\3.26.3\assertj-core-3.26.3.jar;D:\My_warehouse\.m2\repository\net\bytebuddy\byte-buddy\1.15.11\byte-buddy-1.15.11.jar;D:\My_warehouse\.m2\repository\org\awaitility\awaitility\4.2.2\awaitility-4.2.2.jar;D:\My_warehouse\.m2\repository\org\hamcrest\hamcrest\2.2\hamcrest-2.2.jar;D:\My_warehouse\.m2\repository\org\junit\jupiter\junit-jupiter\5.11.4\junit-jupiter-5.11.4.jar;D:\My_warehouse\.m2\repository\org\junit\jupiter\junit-jupiter-api\5.11.4\junit-jupiter-api-5.11.4.jar;D:\My_warehouse\.m2\repository\org\opentest4j\opentest4j\1.3.0\opentest4j-1.3.0.jar;D:\My_warehouse\.m2\repository\org\junit\platform\junit-platform-commons\1.11.4\junit-platform-commons-1.11.4.jar;D:\My_warehouse\.m2\repository\org\apiguardian\apiguardian-api\1.1.2\apiguardian-api-1.1.2.jar;D:\My_warehouse\.m2\repository\org\junit\jupiter\junit-jupiter-params\5.11.4\junit-jupiter-params-5.11.4.jar;D:\My_warehouse\.m2\repository\org\junit\jupiter\junit-jupiter-engine\5.11.4\junit-jupiter-engine-5.11.4.jar;D:\My_warehouse\.m2\repository\org\junit\platform\junit-platform-engine\1.11.4\junit-platform-engine-1.11.4.jar;D:\My_warehouse\.m2\repository\org\mockito\mockito-core\5.14.2\mockito-core-5.14.2.jar;D:\My_warehouse\.m2\repository\net\bytebuddy\byte-buddy-agent\1.15.11\byte-buddy-agent-1.15.11.jar;D:\My_warehouse\.m2\repository\org\objenesis\objenesis\3.3\objenesis-3.3.jar;D:\My_warehouse\.m2\repository\org\mockito\mockito-junit-jupiter\5.14.2\mockito-junit-jupiter-5.14.2.jar;D:\My_warehouse\.m2\repository\org\skyscreamer\jsonassert\1.5.3\jsonassert-1.5.3.jar;D:\My_warehouse\.m2\repository\com\vaadin\external\google\android-json\0.0.20131108.vaadin1\android-json-0.0.20131108.vaadin1.jar;D:\My_warehouse\.m2\repository\org\springframework\spring-core\6.2.3\spring-core-6.2.3.jar;D:\My_warehouse\.m2\repository\org\springframework\spring-jcl\6.2.3\spring-jcl-6.2.3.jar;D:\My_warehouse\.m2\repository\org\springframework\spring-test\6.2.3\spring-test-6.2.3.jar;D:\My_warehouse\.m2\repository\org\xmlunit\xmlunit-core\2.10.0\xmlunit-core-2.10.0.jar;D:\My_warehouse\.m2\repository\org\mybatis\spring\boot\mybatis-spring-boot-starter-test\3.0.4\mybatis-spring-boot-starter-test-3.0.4.jar;D:\My_warehouse\.m2\repository\org\mybatis\spring\boot\mybatis-spring-boot-test-autoconfigure\3.0.4\mybatis-spring-boot-test-autoconfigure-3.0.4.jar;D:\My_warehouse\.m2\repository\org\springframework\spring-tx\6.2.3\spring-tx-6.2.3.jar;"/>
    <property name="java.vm.vendor" value="Oracle Corporation"/>
    <property name="sun.arch.data.model" value="64"/>
    <property name="user.variant" value=""/>
    <property name="java.vendor.url" value="https://java.oracle.com/"/>
    <property name="user.timezone" value="Asia/Shanghai"/>
    <property name="os.name" value="Windows 11"/>
    <property name="java.vm.specification.version" value="17"/>
    <property name="APPLICATION_NAME" value="Spring-mybaties"/>
    <property name="sun.java.launcher" value="SUN_STANDARD"/>
    <property name="user.country" value="CN"/>
    <property name="sun.boot.library.path" value="C:\Program Files\Java\jdk-17\bin"/>
    <property name="sun.java.command" value="C:\Users\苏李涛\AppData\Local\Temp\surefire11507713188661484492\surefirebooter-20250304231118856_3.jar C:\Users\苏李涛\AppData\Local\Temp\surefire11507713188661484492 2025-03-04T23-11-18_746-jvmRun1 surefire-20250304231118856_1tmp surefire_0-20250304231118856_2tmp"/>
    <property name="jdk.debug" value="release"/>
    <property name="surefire.test.class.path" value="D:\Second warehouse_code\Spring-mybaties\target\test-classes;D:\Second warehouse_code\Spring-mybaties\target\classes;D:\My_warehouse\.m2\repository\org\springframework\boot\spring-boot-starter-web\3.4.3\spring-boot-starter-web-3.4.3.jar;D:\My_warehouse\.m2\repository\org\springframework\boot\spring-boot-starter\3.4.3\spring-boot-starter-3.4.3.jar;D:\My_warehouse\.m2\repository\org\springframework\boot\spring-boot\3.4.3\spring-boot-3.4.3.jar;D:\My_warehouse\.m2\repository\org\springframework\boot\spring-boot-autoconfigure\3.4.3\spring-boot-autoconfigure-3.4.3.jar;D:\My_warehouse\.m2\repository\org\springframework\boot\spring-boot-starter-logging\3.4.3\spring-boot-starter-logging-3.4.3.jar;D:\My_warehouse\.m2\repository\ch\qos\logback\logback-classic\1.5.16\logback-classic-1.5.16.jar;D:\My_warehouse\.m2\repository\ch\qos\logback\logback-core\1.5.16\logback-core-1.5.16.jar;D:\My_warehouse\.m2\repository\org\apache\logging\log4j\log4j-to-slf4j\2.24.3\log4j-to-slf4j-2.24.3.jar;D:\My_warehouse\.m2\repository\org\apache\logging\log4j\log4j-api\2.24.3\log4j-api-2.24.3.jar;D:\My_warehouse\.m2\repository\org\slf4j\jul-to-slf4j\2.0.16\jul-to-slf4j-2.0.16.jar;D:\My_warehouse\.m2\repository\jakarta\annotation\jakarta.annotation-api\2.1.1\jakarta.annotation-api-2.1.1.jar;D:\My_warehouse\.m2\repository\org\yaml\snakeyaml\2.3\snakeyaml-2.3.jar;D:\My_warehouse\.m2\repository\org\springframework\boot\spring-boot-starter-json\3.4.3\spring-boot-starter-json-3.4.3.jar;D:\My_warehouse\.m2\repository\com\fasterxml\jackson\core\jackson-databind\2.18.2\jackson-databind-2.18.2.jar;D:\My_warehouse\.m2\repository\com\fasterxml\jackson\core\jackson-annotations\2.18.2\jackson-annotations-2.18.2.jar;D:\My_warehouse\.m2\repository\com\fasterxml\jackson\core\jackson-core\2.18.2\jackson-core-2.18.2.jar;D:\My_warehouse\.m2\repository\com\fasterxml\jackson\datatype\jackson-datatype-jdk8\2.18.2\jackson-datatype-jdk8-2.18.2.jar;D:\My_warehouse\.m2\repository\com\fasterxml\jackson\datatype\jackson-datatype-jsr310\2.18.2\jackson-datatype-jsr310-2.18.2.jar;D:\My_warehouse\.m2\repository\com\fasterxml\jackson\module\jackson-module-parameter-names\2.18.2\jackson-module-parameter-names-2.18.2.jar;D:\My_warehouse\.m2\repository\org\springframework\boot\spring-boot-starter-tomcat\3.4.3\spring-boot-starter-tomcat-3.4.3.jar;D:\My_warehouse\.m2\repository\org\apache\tomcat\embed\tomcat-embed-core\10.1.36\tomcat-embed-core-10.1.36.jar;D:\My_warehouse\.m2\repository\org\apache\tomcat\embed\tomcat-embed-el\10.1.36\tomcat-embed-el-10.1.36.jar;D:\My_warehouse\.m2\repository\org\apache\tomcat\embed\tomcat-embed-websocket\10.1.36\tomcat-embed-websocket-10.1.36.jar;D:\My_warehouse\.m2\repository\org\springframework\spring-web\6.2.3\spring-web-6.2.3.jar;D:\My_warehouse\.m2\repository\org\springframework\spring-beans\6.2.3\spring-beans-6.2.3.jar;D:\My_warehouse\.m2\repository\io\micrometer\micrometer-observation\1.14.4\micrometer-observation-1.14.4.jar;D:\My_warehouse\.m2\repository\io\micrometer\micrometer-commons\1.14.4\micrometer-commons-1.14.4.jar;D:\My_warehouse\.m2\repository\org\springframework\spring-webmvc\6.2.3\spring-webmvc-6.2.3.jar;D:\My_warehouse\.m2\repository\org\springframework\spring-aop\6.2.3\spring-aop-6.2.3.jar;D:\My_warehouse\.m2\repository\org\springframework\spring-context\6.2.3\spring-context-6.2.3.jar;D:\My_warehouse\.m2\repository\org\springframework\spring-expression\6.2.3\spring-expression-6.2.3.jar;D:\My_warehouse\.m2\repository\org\mybatis\spring\boot\mybatis-spring-boot-starter\3.0.4\mybatis-spring-boot-starter-3.0.4.jar;D:\My_warehouse\.m2\repository\org\springframework\boot\spring-boot-starter-jdbc\3.4.3\spring-boot-starter-jdbc-3.4.3.jar;D:\My_warehouse\.m2\repository\com\zaxxer\HikariCP\5.1.0\HikariCP-5.1.0.jar;D:\My_warehouse\.m2\repository\org\springframework\spring-jdbc\6.2.3\spring-jdbc-6.2.3.jar;D:\My_warehouse\.m2\repository\org\mybatis\spring\boot\mybatis-spring-boot-autoconfigure\3.0.4\mybatis-spring-boot-autoconfigure-3.0.4.jar;D:\My_warehouse\.m2\repository\org\mybatis\mybatis\3.5.17\mybatis-3.5.17.jar;D:\My_warehouse\.m2\repository\org\mybatis\mybatis-spring\3.0.4\mybatis-spring-3.0.4.jar;D:\My_warehouse\.m2\repository\com\mysql\mysql-connector-j\9.1.0\mysql-connector-j-9.1.0.jar;D:\My_warehouse\.m2\repository\org\projectlombok\lombok\1.18.36\lombok-1.18.36.jar;D:\My_warehouse\.m2\repository\org\springframework\boot\spring-boot-starter-test\3.4.3\spring-boot-starter-test-3.4.3.jar;D:\My_warehouse\.m2\repository\org\springframework\boot\spring-boot-test\3.4.3\spring-boot-test-3.4.3.jar;D:\My_warehouse\.m2\repository\org\springframework\boot\spring-boot-test-autoconfigure\3.4.3\spring-boot-test-autoconfigure-3.4.3.jar;D:\My_warehouse\.m2\repository\com\jayway\jsonpath\json-path\2.9.0\json-path-2.9.0.jar;D:\My_warehouse\.m2\repository\org\slf4j\slf4j-api\2.0.16\slf4j-api-2.0.16.jar;D:\My_warehouse\.m2\repository\jakarta\xml\bind\jakarta.xml.bind-api\4.0.2\jakarta.xml.bind-api-4.0.2.jar;D:\My_warehouse\.m2\repository\jakarta\activation\jakarta.activation-api\2.1.3\jakarta.activation-api-2.1.3.jar;D:\My_warehouse\.m2\repository\net\minidev\json-smart\2.5.2\json-smart-2.5.2.jar;D:\My_warehouse\.m2\repository\net\minidev\accessors-smart\2.5.2\accessors-smart-2.5.2.jar;D:\My_warehouse\.m2\repository\org\ow2\asm\asm\9.7.1\asm-9.7.1.jar;D:\My_warehouse\.m2\repository\org\assertj\assertj-core\3.26.3\assertj-core-3.26.3.jar;D:\My_warehouse\.m2\repository\net\bytebuddy\byte-buddy\1.15.11\byte-buddy-1.15.11.jar;D:\My_warehouse\.m2\repository\org\awaitility\awaitility\4.2.2\awaitility-4.2.2.jar;D:\My_warehouse\.m2\repository\org\hamcrest\hamcrest\2.2\hamcrest-2.2.jar;D:\My_warehouse\.m2\repository\org\junit\jupiter\junit-jupiter\5.11.4\junit-jupiter-5.11.4.jar;D:\My_warehouse\.m2\repository\org\junit\jupiter\junit-jupiter-api\5.11.4\junit-jupiter-api-5.11.4.jar;D:\My_warehouse\.m2\repository\org\opentest4j\opentest4j\1.3.0\opentest4j-1.3.0.jar;D:\My_warehouse\.m2\repository\org\junit\platform\junit-platform-commons\1.11.4\junit-platform-commons-1.11.4.jar;D:\My_warehouse\.m2\repository\org\apiguardian\apiguardian-api\1.1.2\apiguardian-api-1.1.2.jar;D:\My_warehouse\.m2\repository\org\junit\jupiter\junit-jupiter-params\5.11.4\junit-jupiter-params-5.11.4.jar;D:\My_warehouse\.m2\repository\org\junit\jupiter\junit-jupiter-engine\5.11.4\junit-jupiter-engine-5.11.4.jar;D:\My_warehouse\.m2\repository\org\junit\platform\junit-platform-engine\1.11.4\junit-platform-engine-1.11.4.jar;D:\My_warehouse\.m2\repository\org\mockito\mockito-core\5.14.2\mockito-core-5.14.2.jar;D:\My_warehouse\.m2\repository\net\bytebuddy\byte-buddy-agent\1.15.11\byte-buddy-agent-1.15.11.jar;D:\My_warehouse\.m2\repository\org\objenesis\objenesis\3.3\objenesis-3.3.jar;D:\My_warehouse\.m2\repository\org\mockito\mockito-junit-jupiter\5.14.2\mockito-junit-jupiter-5.14.2.jar;D:\My_warehouse\.m2\repository\org\skyscreamer\jsonassert\1.5.3\jsonassert-1.5.3.jar;D:\My_warehouse\.m2\repository\com\vaadin\external\google\android-json\0.0.20131108.vaadin1\android-json-0.0.20131108.vaadin1.jar;D:\My_warehouse\.m2\repository\org\springframework\spring-core\6.2.3\spring-core-6.2.3.jar;D:\My_warehouse\.m2\repository\org\springframework\spring-jcl\6.2.3\spring-jcl-6.2.3.jar;D:\My_warehouse\.m2\repository\org\springframework\spring-test\6.2.3\spring-test-6.2.3.jar;D:\My_warehouse\.m2\repository\org\xmlunit\xmlunit-core\2.10.0\xmlunit-core-2.10.0.jar;D:\My_warehouse\.m2\repository\org\mybatis\spring\boot\mybatis-spring-boot-starter-test\3.0.4\mybatis-spring-boot-starter-test-3.0.4.jar;D:\My_warehouse\.m2\repository\org\mybatis\spring\boot\mybatis-spring-boot-test-autoconfigure\3.0.4\mybatis-spring-boot-test-autoconfigure-3.0.4.jar;D:\My_warehouse\.m2\repository\org\springframework\spring-tx\6.2.3\spring-tx-6.2.3.jar;"/>
    <property name="sun.cpu.endian" value="little"/>
    <property name="user.home" value="C:\Users\苏李涛"/>
    <property name="user.language" value="zh"/>
    <property name="java.specification.vendor" value="Oracle Corporation"/>
    <property name="java.version.date" value="2023-10-17"/>
    <property name="java.home" value="C:\Program Files\Java\jdk-17"/>
    <property name="file.separator" value="\"/>
    <property name="basedir" value="D:\Second warehouse_code\Spring-mybaties"/>
    <property name="java.vm.compressedOopsMode" value="Zero based"/>
    <property name="line.separator" value="&#10;"/>
    <property name="java.vm.specification.vendor" value="Oracle Corporation"/>
    <property name="java.specification.name" value="Java Platform API Specification"/>
    <property name="FILE_LOG_CHARSET" value="GBK"/>
    <property name="java.awt.headless" value="true"/>
    <property name="surefire.real.class.path" value="C:\Users\苏李涛\AppData\Local\Temp\surefire11507713188661484492\surefirebooter-20250304231118856_3.jar"/>
    <property name="user.script" value=""/>
    <property name="sun.management.compiler" value="HotSpot 64-Bit Tiered Compilers"/>
    <property name="java.runtime.version" value="17.0.9+11-LTS-201"/>
    <property name="user.name" value="苏李涛"/>
    <property name="path.separator" value=";"/>
    <property name="os.version" value="10.0"/>
    <property name="java.runtime.name" value="Java(TM) SE Runtime Environment"/>
    <property name="file.encoding" value="GBK"/>
    <property name="java.vm.name" value="Java HotSpot(TM) 64-Bit Server VM"/>
    <property name="localRepository" value="D:\My_warehouse\.m2\repository"/>
    <property name="java.vendor.url.bug" value="https://bugreport.java.com/bugreport/"/>
    <property name="java.io.tmpdir" value="C:\Users\苏李涛\AppData\Local\Temp\"/>
    <property name="idea.version" value="2021.1.1"/>
    <property name="com.zaxxer.hikari.pool_number" value="1"/>
    <property name="java.version" value="17.0.9"/>
    <property name="user.dir" value="D:\Second warehouse_code\Spring-mybaties"/>
    <property name="os.arch" value="amd64"/>
    <property name="java.vm.specification.name" value="Java Virtual Machine Specification"/>
    <property name="PID" value="6708"/>
    <property name="sun.os.patch.level" value=""/>
    <property name="CONSOLE_LOG_CHARSET" value="GBK"/>
    <property name="native.encoding" value="GBK"/>
    <property name="java.library.path" value="C:\Program Files\Java\jdk-17\bin;C:\WINDOWS\Sun\Java\bin;C:\WINDOWS\system32;C:\WINDOWS;C:\Program Files\Common Files\Oracle\Java\javapath;C:\Program Files (x86)\Common Files\Oracle\Java\java8path;C:\Program Files (x86)\Common Files\Oracle\Java\javapath;C:\WINDOWS\system32;C:\WINDOWS;C:\WINDOWS\System32\Wbem;C:\WINDOWS\System32\WindowsPowerShell\v1.0\;C:\WINDOWS\System32\OpenSSH\;C:\Users\Administrator\AppData\Local\Microsoft\WindowsApps;C:\Recovery\OEM\Backup\;C:\Program Files (x86)\NVIDIA Corporation\PhysX\Common;C:\Program Files\Bandizip\;C:\Program Files\Microsoft SQL Server\150\Tools\Binn\;C:\Program Files\Microsoft SQL Server\Client SDK\ODBC\170\Tools\Binn\;C:\Program Files\dotnet\;D:\Windows Kits\10\Windows Performance Toolkit\;D:\github仓库的本地code\Git\cmd;D:\;it.和乌龟的内存\Git\cmd;D:\G;t.和乌龟的内存\Git\cmd;C:\Pr;gram Files\TortoiseGit\bin;D:\D软件\Visual Leak Detector\bin\Win32;D:\D软件\Visual Leak Detector\bin\Win64;C:\Program Files\Java\jdk-17\bin;;C:\WINDOWS\system32;C:\WINDOWS;C:\WINDOWS\System32\Wbem;C:\WINDOWS\System32\WindowsPowerShell\v1.0\;C:\WINDOWS\System32\OpenSSH\;C:\Program Files\MySQL\MySQL Shell 8.0\bin\;C:\Users\苏李涛\AppData\Local\Microsoft\WindowsApps;C:\Users\苏李涛\.dotnet\tools;C:\Program Files\Java\jdk1.8.0_192\bin;D:\D软件\CCtalk;D:\VScode_data\Microsoft VS Code\bin;D:\D_application\Fiddler;C:\Users\苏李涛\AppData\Local\Microsoft\WindowsApps;;C:\Users\苏李涛\AppData\Local\Programs\Ollama;."/>
    <property name="java.vm.info" value="mixed mode, sharing"/>
    <property name="java.vendor" value="Oracle Corporation"/>
    <property name="java.vm.version" value="17.0.9+11-LTS-201"/>
    <property name="sun.io.unicode.encoding" value="UnicodeLittle"/>
    <property name="maven.repo.local" value="D:\My_warehouse\.m2\repository"/>
    <property name="java.class.version" value="61.0"/>
    <property name="LOGGED_APPLICATION_NAME" value="[Spring-mybaties] "/>
  </properties>
  <testcase name="selectAllById2" classname="com.suli.springmybaties.mapper.UserInfoMapperTest" time="1.208">
    <system-out><![CDATA[23:11:19.792 [main] INFO org.springframework.test.context.support.AnnotationConfigContextLoaderUtils -- Could not detect default configuration classes for test class [com.suli.springmybaties.mapper.UserInfoMapperTest]: UserInfoMapperTest does not declare any static, non-private, non-final, nested classes annotated with @Configuration.
23:11:19.912 [main] INFO org.springframework.boot.test.context.SpringBootTestContextBootstrapper -- Found @SpringBootConfiguration com.suli.springmybaties.SpringMybatiesApplication for test class com.suli.springmybaties.mapper.UserInfoMapperTest

  .   ____          _            __ _ _
 /\\ / ___'_ __ _ _(_)_ __  __ _ \ \ \ \
( ( )\___ | '_ | '_| | '_ \/ _` | \ \ \ \
 \\/  ___)| |_)| | | | | || (_| |  ) ) ) )
  '  |____| .__|_| |_|_| |_\__, | / / / /
 =========|_|==============|___/=/_/_/_/

 :: Spring Boot ::                (v3.4.3)

2025-03-04T23:11:20.345+08:00  INFO 6708 --- [Spring-mybaties] [           main] c.s.s.mapper.UserInfoMapperTest          : Starting UserInfoMapperTest using Java 17.0.9 with PID 6708 (started by 苏李涛 in D:\Second warehouse_code\Spring-mybaties)
2025-03-04T23:11:20.346+08:00  INFO 6708 --- [Spring-mybaties] [           main] c.s.s.mapper.UserInfoMapperTest          : No active profile set, falling back to 1 default profile: "default"
Logging initialized using 'class org.apache.ibatis.logging.stdout.StdOutImpl' adapter.
2025-03-04T23:11:22.053+08:00  INFO 6708 --- [Spring-mybaties] [           main] c.s.s.mapper.UserInfoMapperTest          : Started UserInfoMapperTest in 1.994 seconds (process running for 2.859)
Creating a new SqlSession
SqlSession [org.apache.ibatis.session.defaults.DefaultSqlSession@618f627b] was not registered for synchronization because synchronization is not active
2025-03-04T23:11:23.031+08:00  INFO 6708 --- [Spring-mybaties] [           main] com.zaxxer.hikari.HikariDataSource       : HikariPool-1 - Starting...
2025-03-04T23:11:23.188+08:00  INFO 6708 --- [Spring-mybaties] [           main] com.zaxxer.hikari.pool.HikariPool        : HikariPool-1 - Added connection com.mysql.cj.jdbc.ConnectionImpl@3a709cc7
2025-03-04T23:11:23.190+08:00  INFO 6708 --- [Spring-mybaties] [           main] com.zaxxer.hikari.HikariDataSource       : HikariPool-1 - Start completed.
JDBC Connection [HikariProxyConnection@1645578641 wrapping com.mysql.cj.jdbc.ConnectionImpl@3a709cc7] will not be managed by Spring
==>  Preparing: SELECT * FROM user_info where id = ?
==> Parameters: 2(Integer)
<==    Columns: id, username, password, age, gender, phone, delete_flag, create_time, update_time
<==        Row: 2, zhangsan, zhangsan, 18, 1, 18612340002, 0, 2025-03-04 21:22:20, 2025-03-04 21:22:20
<==      Total: 1
Closing non transactional SqlSession [org.apache.ibatis.session.defaults.DefaultSqlSession@618f627b]
UserInfo(id=2, username=zhangsan, password=zhangsan, age=18, gender=1, phone=18612340002, deleteFlag=null, createTime=null, updateTime=null)
]]></system-out>
  </testcase>
  <testcase name="selectByNameAndPassword" classname="com.suli.springmybaties.mapper.UserInfoMapperTest" time="0.008">
    <system-out><![CDATA[Creating a new SqlSession
SqlSession [org.apache.ibatis.session.defaults.DefaultSqlSession@37b238da] was not registered for synchronization because synchronization is not active
JDBC Connection [HikariProxyConnection@477700359 wrapping com.mysql.cj.jdbc.ConnectionImpl@3a709cc7] will not be managed by Spring
==>  Preparing: SELECT * FROM `user_info` where username= ? and `password` = ?
==> Parameters: zhangsan(String), zhangsan(String)
<==    Columns: id, username, password, age, gender, phone, delete_flag, create_time, update_time
<==        Row: 2, zhangsan, zhangsan, 18, 1, 18612340002, 0, 2025-03-04 21:22:20, 2025-03-04 21:22:20
<==      Total: 1
Closing non transactional SqlSession [org.apache.ibatis.session.defaults.DefaultSqlSession@37b238da]
UserInfo(id=2, username=zhangsan, password=zhangsan, age=18, gender=1, phone=18612340002, deleteFlag=null, createTime=null, updateTime=null)
]]></system-out>
  </testcase>
  <testcase name="selectAllById" classname="com.suli.springmybaties.mapper.UserInfoMapperTest" time="0.007">
    <system-out><![CDATA[Creating a new SqlSession
SqlSession [org.apache.ibatis.session.defaults.DefaultSqlSession@4fd3b20a] was not registered for synchronization because synchronization is not active
JDBC Connection [HikariProxyConnection@693982422 wrapping com.mysql.cj.jdbc.ConnectionImpl@3a709cc7] will not be managed by Spring
==>  Preparing: SELECT * FROM user_info where id = ?
==> Parameters: 3(Integer)
<==    Columns: id, username, password, age, gender, phone, delete_flag, create_time, update_time
<==        Row: 3, lisi, lisi, 18, 1, 18612340003, 0, 2025-03-04 21:22:20, 2025-03-04 21:22:20
<==      Total: 1
Closing non transactional SqlSession [org.apache.ibatis.session.defaults.DefaultSqlSession@4fd3b20a]
UserInfo(id=3, username=lisi, password=lisi, age=18, gender=1, phone=18612340003, deleteFlag=null, createTime=null, updateTime=null)
]]></system-out>
  </testcase>
  <testcase name="insertUser2" classname="com.suli.springmybaties.mapper.UserInfoMapperTest" time="0.017">
    <system-out><![CDATA[Creating a new SqlSession
SqlSession [org.apache.ibatis.session.defaults.DefaultSqlSession@4a7db5a] was not registered for synchronization because synchronization is not active
JDBC Connection [HikariProxyConnection@1454795302 wrapping com.mysql.cj.jdbc.ConnectionImpl@3a709cc7] will not be managed by Spring
==>  Preparing: INSERT INTO user_info (username,`password`,age) VALUES(?,?,?)
==> Parameters: 风希大善人(String), 123(String), 102(Integer)
<==    Updates: 1
Closing non transactional SqlSession [org.apache.ibatis.session.defaults.DefaultSqlSession@4a7db5a]
影响行数1 id 22
]]></system-out>
  </testcase>
  <testcase name="insertUser" classname="com.suli.springmybaties.mapper.UserInfoMapperTest" time="0.016">
    <system-out><![CDATA[Creating a new SqlSession
SqlSession [org.apache.ibatis.session.defaults.DefaultSqlSession@369a95a5] was not registered for synchronization because synchronization is not active
JDBC Connection [HikariProxyConnection@88332821 wrapping com.mysql.cj.jdbc.ConnectionImpl@3a709cc7] will not be managed by Spring
==>  Preparing: INSERT INTO user_info (username,`password`,age) VALUES(?,?,?)
==> Parameters: 韩立(String), 1243(String), 100(Integer)
<==    Updates: 1
Closing non transactional SqlSession [org.apache.ibatis.session.defaults.DefaultSqlSession@369a95a5]
影响行数1 id 23
]]></system-out>
  </testcase>
  <testcase name="selectByNameAndPassword2" classname="com.suli.springmybaties.mapper.UserInfoMapperTest" time="0.018">
    <system-out><![CDATA[Creating a new SqlSession
SqlSession [org.apache.ibatis.session.defaults.DefaultSqlSession@6e668322] was not registered for synchronization because synchronization is not active
JDBC Connection [HikariProxyConnection@1978560393 wrapping com.mysql.cj.jdbc.ConnectionImpl@3a709cc7] will not be managed by Spring
==>  Preparing: SELECT * FROM `user_info` where username= ? and `password` = ?
==> Parameters: lisi(String), lisi(String)
<==    Columns: id, username, password, age, gender, phone, delete_flag, create_time, update_time
<==        Row: 3, lisi, lisi, 18, 1, 18612340003, 0, 2025-03-04 21:22:20, 2025-03-04 21:22:20
<==      Total: 1
Closing non transactional SqlSession [org.apache.ibatis.session.defaults.DefaultSqlSession@6e668322]
UserInfo(id=3, username=lisi, password=lisi, age=18, gender=1, phone=18612340003, deleteFlag=null, createTime=null, updateTime=null)
]]></system-out>
  </testcase>
</testsuite>