<?xml version="1.0" encoding="UTF-8"?>
<testsuite xmlns:xsi="http://www.w3.org/2001/XMLSchema-instance" xsi:noNamespaceSchemaLocation="https://maven.apache.org/surefire/maven-surefire-plugin/xsd/surefire-test-report.xsd" version="3.0.2" name="com.suli.springmybaties.mapper.UserInfoMapperXMLTest" time="0.032" tests="1" errors="1" skipped="0" failures="0">
  <properties>
    <property name="java.specification.version" value="17"/>
    <property name="sun.cpu.isalist" value="amd64"/>
    <property name="sun.jnu.encoding" value="GBK"/>
    <property name="java.class.path" value="D:\Second warehouse_code\Spring-mybaties\target\test-classes;D:\Second warehouse_code\Spring-mybaties\target\classes;D:\My_warehouse\.m2\repository\org\springframework\boot\spring-boot-starter-web\3.4.3\spring-boot-starter-web-3.4.3.jar;D:\My_warehouse\.m2\repository\org\springframework\boot\spring-boot-starter\3.4.3\spring-boot-starter-3.4.3.jar;D:\My_warehouse\.m2\repository\org\springframework\boot\spring-boot\3.4.3\spring-boot-3.4.3.jar;D:\My_warehouse\.m2\repository\org\springframework\boot\spring-boot-autoconfigure\3.4.3\spring-boot-autoconfigure-3.4.3.jar;D:\My_warehouse\.m2\repository\org\springframework\boot\spring-boot-starter-logging\3.4.3\spring-boot-starter-logging-3.4.3.jar;D:\My_warehouse\.m2\repository\ch\qos\logback\logback-classic\1.5.16\logback-classic-1.5.16.jar;D:\My_warehouse\.m2\repository\ch\qos\logback\logback-core\1.5.16\logback-core-1.5.16.jar;D:\My_warehouse\.m2\repository\org\apache\logging\log4j\log4j-to-slf4j\2.24.3\log4j-to-slf4j-2.24.3.jar;D:\My_warehouse\.m2\repository\org\apache\logging\log4j\log4j-api\2.24.3\log4j-api-2.24.3.jar;D:\My_warehouse\.m2\repository\org\slf4j\jul-to-slf4j\2.0.16\jul-to-slf4j-2.0.16.jar;D:\My_warehouse\.m2\repository\jakarta\annotation\jakarta.annotation-api\2.1.1\jakarta.annotation-api-2.1.1.jar;D:\My_warehouse\.m2\repository\org\yaml\snakeyaml\2.3\snakeyaml-2.3.jar;D:\My_warehouse\.m2\repository\org\springframework\boot\spring-boot-starter-json\3.4.3\spring-boot-starter-json-3.4.3.jar;D:\My_warehouse\.m2\repository\com\fasterxml\jackson\core\jackson-databind\2.18.2\jackson-databind-2.18.2.jar;D:\My_warehouse\.m2\repository\com\fasterxml\jackson\core\jackson-annotations\2.18.2\jackson-annotations-2.18.2.jar;D:\My_warehouse\.m2\repository\com\fasterxml\jackson\core\jackson-core\2.18.2\jackson-core-2.18.2.jar;D:\My_warehouse\.m2\repository\com\fasterxml\jackson\datatype\jackson-datatype-jdk8\2.18.2\jackson-datatype-jdk8-2.18.2.jar;D:\My_warehouse\.m2\repository\com\fasterxml\jackson\datatype\jackson-datatype-jsr310\2.18.2\jackson-datatype-jsr310-2.18.2.jar;D:\My_warehouse\.m2\repository\com\fasterxml\jackson\module\jackson-module-parameter-names\2.18.2\jackson-module-parameter-names-2.18.2.jar;D:\My_warehouse\.m2\repository\org\springframework\boot\spring-boot-starter-tomcat\3.4.3\spring-boot-starter-tomcat-3.4.3.jar;D:\My_warehouse\.m2\repository\org\apache\tomcat\embed\tomcat-embed-core\10.1.36\tomcat-embed-core-10.1.36.jar;D:\My_warehouse\.m2\repository\org\apache\tomcat\embed\tomcat-embed-el\10.1.36\tomcat-embed-el-10.1.36.jar;D:\My_warehouse\.m2\repository\org\apache\tomcat\embed\tomcat-embed-websocket\10.1.36\tomcat-embed-websocket-10.1.36.jar;D:\My_warehouse\.m2\repository\org\springframework\spring-web\6.2.3\spring-web-6.2.3.jar;D:\My_warehouse\.m2\repository\org\springframework\spring-beans\6.2.3\spring-beans-6.2.3.jar;D:\My_warehouse\.m2\repository\io\micrometer\micrometer-observation\1.14.4\micrometer-observation-1.14.4.jar;D:\My_warehouse\.m2\repository\io\micrometer\micrometer-commons\1.14.4\micrometer-commons-1.14.4.jar;D:\My_warehouse\.m2\repository\org\springframework\spring-webmvc\6.2.3\spring-webmvc-6.2.3.jar;D:\My_warehouse\.m2\repository\org\springframework\spring-aop\6.2.3\spring-aop-6.2.3.jar;D:\My_warehouse\.m2\repository\org\springframework\spring-context\6.2.3\spring-context-6.2.3.jar;D:\My_warehouse\.m2\repository\org\springframework\spring-expression\6.2.3\spring-expression-6.2.3.jar;D:\My_warehouse\.m2\repository\org\mybatis\spring\boot\mybatis-spring-boot-starter\3.0.4\mybatis-spring-boot-starter-3.0.4.jar;D:\My_warehouse\.m2\repository\org\springframework\boot\spring-boot-starter-jdbc\3.4.3\spring-boot-starter-jdbc-3.4.3.jar;D:\My_warehouse\.m2\repository\com\zaxxer\HikariCP\5.1.0\HikariCP-5.1.0.jar;D:\My_warehouse\.m2\repository\org\springframework\spring-jdbc\6.2.3\spring-jdbc-6.2.3.jar;D:\My_warehouse\.m2\repository\org\mybatis\spring\boot\mybatis-spring-boot-autoconfigure\3.0.4\mybatis-spring-boot-autoconfigure-3.0.4.jar;D:\My_warehouse\.m2\repository\org\mybatis\mybatis\3.5.17\mybatis-3.5.17.jar;D:\My_warehouse\.m2\repository\org\mybatis\mybatis-spring\3.0.4\mybatis-spring-3.0.4.jar;D:\My_warehouse\.m2\repository\com\mysql\mysql-connector-j\9.1.0\mysql-connector-j-9.1.0.jar;D:\My_warehouse\.m2\repository\org\projectlombok\lombok\1.18.36\lombok-1.18.36.jar;D:\My_warehouse\.m2\repository\org\springframework\boot\spring-boot-starter-test\3.4.3\spring-boot-starter-test-3.4.3.jar;D:\My_warehouse\.m2\repository\org\springframework\boot\spring-boot-test\3.4.3\spring-boot-test-3.4.3.jar;D:\My_warehouse\.m2\repository\org\springframework\boot\spring-boot-test-autoconfigure\3.4.3\spring-boot-test-autoconfigure-3.4.3.jar;D:\My_warehouse\.m2\repository\com\jayway\jsonpath\json-path\2.9.0\json-path-2.9.0.jar;D:\My_warehouse\.m2\repository\org\slf4j\slf4j-api\2.0.16\slf4j-api-2.0.16.jar;D:\My_warehouse\.m2\repository\jakarta\xml\bind\jakarta.xml.bind-api\4.0.2\jakarta.xml.bind-api-4.0.2.jar;D:\My_warehouse\.m2\repository\jakarta\activation\jakarta.activation-api\2.1.3\jakarta.activation-api-2.1.3.jar;D:\My_warehouse\.m2\repository\net\minidev\json-smart\2.5.2\json-smart-2.5.2.jar;D:\My_warehouse\.m2\repository\net\minidev\accessors-smart\2.5.2\accessors-smart-2.5.2.jar;D:\My_warehouse\.m2\repository\org\ow2\asm\asm\9.7.1\asm-9.7.1.jar;D:\My_warehouse\.m2\repository\org\assertj\assertj-core\3.26.3\assertj-core-3.26.3.jar;D:\My_warehouse\.m2\repository\net\bytebuddy\byte-buddy\1.15.11\byte-buddy-1.15.11.jar;D:\My_warehouse\.m2\repository\org\awaitility\awaitility\4.2.2\awaitility-4.2.2.jar;D:\My_warehouse\.m2\repository\org\hamcrest\hamcrest\2.2\hamcrest-2.2.jar;D:\My_warehouse\.m2\repository\org\junit\jupiter\junit-jupiter\5.11.4\junit-jupiter-5.11.4.jar;D:\My_warehouse\.m2\repository\org\junit\jupiter\junit-jupiter-api\5.11.4\junit-jupiter-api-5.11.4.jar;D:\My_warehouse\.m2\repository\org\opentest4j\opentest4j\1.3.0\opentest4j-1.3.0.jar;D:\My_warehouse\.m2\repository\org\junit\platform\junit-platform-commons\1.11.4\junit-platform-commons-1.11.4.jar;D:\My_warehouse\.m2\repository\org\apiguardian\apiguardian-api\1.1.2\apiguardian-api-1.1.2.jar;D:\My_warehouse\.m2\repository\org\junit\jupiter\junit-jupiter-params\5.11.4\junit-jupiter-params-5.11.4.jar;D:\My_warehouse\.m2\repository\org\junit\jupiter\junit-jupiter-engine\5.11.4\junit-jupiter-engine-5.11.4.jar;D:\My_warehouse\.m2\repository\org\junit\platform\junit-platform-engine\1.11.4\junit-platform-engine-1.11.4.jar;D:\My_warehouse\.m2\repository\org\mockito\mockito-core\5.14.2\mockito-core-5.14.2.jar;D:\My_warehouse\.m2\repository\net\bytebuddy\byte-buddy-agent\1.15.11\byte-buddy-agent-1.15.11.jar;D:\My_warehouse\.m2\repository\org\objenesis\objenesis\3.3\objenesis-3.3.jar;D:\My_warehouse\.m2\repository\org\mockito\mockito-junit-jupiter\5.14.2\mockito-junit-jupiter-5.14.2.jar;D:\My_warehouse\.m2\repository\org\skyscreamer\jsonassert\1.5.3\jsonassert-1.5.3.jar;D:\My_warehouse\.m2\repository\com\vaadin\external\google\android-json\0.0.20131108.vaadin1\android-json-0.0.20131108.vaadin1.jar;D:\My_warehouse\.m2\repository\org\springframework\spring-core\6.2.3\spring-core-6.2.3.jar;D:\My_warehouse\.m2\repository\org\springframework\spring-jcl\6.2.3\spring-jcl-6.2.3.jar;D:\My_warehouse\.m2\repository\org\springframework\spring-test\6.2.3\spring-test-6.2.3.jar;D:\My_warehouse\.m2\repository\org\xmlunit\xmlunit-core\2.10.0\xmlunit-core-2.10.0.jar;D:\My_warehouse\.m2\repository\org\mybatis\spring\boot\mybatis-spring-boot-starter-test\3.0.4\mybatis-spring-boot-starter-test-3.0.4.jar;D:\My_warehouse\.m2\repository\org\mybatis\spring\boot\mybatis-spring-boot-test-autoconfigure\3.0.4\mybatis-spring-boot-test-autoconfigure-3.0.4.jar;D:\My_warehouse\.m2\repository\org\springframework\spring-tx\6.2.3\spring-tx-6.2.3.jar;"/>
    <property name="java.vm.vendor" value="Oracle Corporation"/>
    <property name="sun.arch.data.model" value="64"/>
    <property name="user.variant" value=""/>
    <property name="java.vendor.url" value="https://java.oracle.com/"/>
    <property name="user.timezone" value="Asia/Shanghai"/>
    <property name="os.name" value="Windows 11"/>
    <property name="java.vm.specification.version" value="17"/>
    <property name="APPLICATION_NAME" value="Spring-mybaties"/>
    <property name="sun.java.launcher" value="SUN_STANDARD"/>
    <property name="user.country" value="CN"/>
    <property name="sun.boot.library.path" value="C:\Program Files\Java\jdk-17\bin"/>
    <property name="sun.java.command" value="C:\Users\苏李涛\AppData\Local\Temp\surefire11507713188661484492\surefirebooter-20250304231118856_3.jar C:\Users\苏李涛\AppData\Local\Temp\surefire11507713188661484492 2025-03-04T23-11-18_746-jvmRun1 surefire-20250304231118856_1tmp surefire_0-20250304231118856_2tmp"/>
    <property name="jdk.debug" value="release"/>
    <property name="surefire.test.class.path" value="D:\Second warehouse_code\Spring-mybaties\target\test-classes;D:\Second warehouse_code\Spring-mybaties\target\classes;D:\My_warehouse\.m2\repository\org\springframework\boot\spring-boot-starter-web\3.4.3\spring-boot-starter-web-3.4.3.jar;D:\My_warehouse\.m2\repository\org\springframework\boot\spring-boot-starter\3.4.3\spring-boot-starter-3.4.3.jar;D:\My_warehouse\.m2\repository\org\springframework\boot\spring-boot\3.4.3\spring-boot-3.4.3.jar;D:\My_warehouse\.m2\repository\org\springframework\boot\spring-boot-autoconfigure\3.4.3\spring-boot-autoconfigure-3.4.3.jar;D:\My_warehouse\.m2\repository\org\springframework\boot\spring-boot-starter-logging\3.4.3\spring-boot-starter-logging-3.4.3.jar;D:\My_warehouse\.m2\repository\ch\qos\logback\logback-classic\1.5.16\logback-classic-1.5.16.jar;D:\My_warehouse\.m2\repository\ch\qos\logback\logback-core\1.5.16\logback-core-1.5.16.jar;D:\My_warehouse\.m2\repository\org\apache\logging\log4j\log4j-to-slf4j\2.24.3\log4j-to-slf4j-2.24.3.jar;D:\My_warehouse\.m2\repository\org\apache\logging\log4j\log4j-api\2.24.3\log4j-api-2.24.3.jar;D:\My_warehouse\.m2\repository\org\slf4j\jul-to-slf4j\2.0.16\jul-to-slf4j-2.0.16.jar;D:\My_warehouse\.m2\repository\jakarta\annotation\jakarta.annotation-api\2.1.1\jakarta.annotation-api-2.1.1.jar;D:\My_warehouse\.m2\repository\org\yaml\snakeyaml\2.3\snakeyaml-2.3.jar;D:\My_warehouse\.m2\repository\org\springframework\boot\spring-boot-starter-json\3.4.3\spring-boot-starter-json-3.4.3.jar;D:\My_warehouse\.m2\repository\com\fasterxml\jackson\core\jackson-databind\2.18.2\jackson-databind-2.18.2.jar;D:\My_warehouse\.m2\repository\com\fasterxml\jackson\core\jackson-annotations\2.18.2\jackson-annotations-2.18.2.jar;D:\My_warehouse\.m2\repository\com\fasterxml\jackson\core\jackson-core\2.18.2\jackson-core-2.18.2.jar;D:\My_warehouse\.m2\repository\com\fasterxml\jackson\datatype\jackson-datatype-jdk8\2.18.2\jackson-datatype-jdk8-2.18.2.jar;D:\My_warehouse\.m2\repository\com\fasterxml\jackson\datatype\jackson-datatype-jsr310\2.18.2\jackson-datatype-jsr310-2.18.2.jar;D:\My_warehouse\.m2\repository\com\fasterxml\jackson\module\jackson-module-parameter-names\2.18.2\jackson-module-parameter-names-2.18.2.jar;D:\My_warehouse\.m2\repository\org\springframework\boot\spring-boot-starter-tomcat\3.4.3\spring-boot-starter-tomcat-3.4.3.jar;D:\My_warehouse\.m2\repository\org\apache\tomcat\embed\tomcat-embed-core\10.1.36\tomcat-embed-core-10.1.36.jar;D:\My_warehouse\.m2\repository\org\apache\tomcat\embed\tomcat-embed-el\10.1.36\tomcat-embed-el-10.1.36.jar;D:\My_warehouse\.m2\repository\org\apache\tomcat\embed\tomcat-embed-websocket\10.1.36\tomcat-embed-websocket-10.1.36.jar;D:\My_warehouse\.m2\repository\org\springframework\spring-web\6.2.3\spring-web-6.2.3.jar;D:\My_warehouse\.m2\repository\org\springframework\spring-beans\6.2.3\spring-beans-6.2.3.jar;D:\My_warehouse\.m2\repository\io\micrometer\micrometer-observation\1.14.4\micrometer-observation-1.14.4.jar;D:\My_warehouse\.m2\repository\io\micrometer\micrometer-commons\1.14.4\micrometer-commons-1.14.4.jar;D:\My_warehouse\.m2\repository\org\springframework\spring-webmvc\6.2.3\spring-webmvc-6.2.3.jar;D:\My_warehouse\.m2\repository\org\springframework\spring-aop\6.2.3\spring-aop-6.2.3.jar;D:\My_warehouse\.m2\repository\org\springframework\spring-context\6.2.3\spring-context-6.2.3.jar;D:\My_warehouse\.m2\repository\org\springframework\spring-expression\6.2.3\spring-expression-6.2.3.jar;D:\My_warehouse\.m2\repository\org\mybatis\spring\boot\mybatis-spring-boot-starter\3.0.4\mybatis-spring-boot-starter-3.0.4.jar;D:\My_warehouse\.m2\repository\org\springframework\boot\spring-boot-starter-jdbc\3.4.3\spring-boot-starter-jdbc-3.4.3.jar;D:\My_warehouse\.m2\repository\com\zaxxer\HikariCP\5.1.0\HikariCP-5.1.0.jar;D:\My_warehouse\.m2\repository\org\springframework\spring-jdbc\6.2.3\spring-jdbc-6.2.3.jar;D:\My_warehouse\.m2\repository\org\mybatis\spring\boot\mybatis-spring-boot-autoconfigure\3.0.4\mybatis-spring-boot-autoconfigure-3.0.4.jar;D:\My_warehouse\.m2\repository\org\mybatis\mybatis\3.5.17\mybatis-3.5.17.jar;D:\My_warehouse\.m2\repository\org\mybatis\mybatis-spring\3.0.4\mybatis-spring-3.0.4.jar;D:\My_warehouse\.m2\repository\com\mysql\mysql-connector-j\9.1.0\mysql-connector-j-9.1.0.jar;D:\My_warehouse\.m2\repository\org\projectlombok\lombok\1.18.36\lombok-1.18.36.jar;D:\My_warehouse\.m2\repository\org\springframework\boot\spring-boot-starter-test\3.4.3\spring-boot-starter-test-3.4.3.jar;D:\My_warehouse\.m2\repository\org\springframework\boot\spring-boot-test\3.4.3\spring-boot-test-3.4.3.jar;D:\My_warehouse\.m2\repository\org\springframework\boot\spring-boot-test-autoconfigure\3.4.3\spring-boot-test-autoconfigure-3.4.3.jar;D:\My_warehouse\.m2\repository\com\jayway\jsonpath\json-path\2.9.0\json-path-2.9.0.jar;D:\My_warehouse\.m2\repository\org\slf4j\slf4j-api\2.0.16\slf4j-api-2.0.16.jar;D:\My_warehouse\.m2\repository\jakarta\xml\bind\jakarta.xml.bind-api\4.0.2\jakarta.xml.bind-api-4.0.2.jar;D:\My_warehouse\.m2\repository\jakarta\activation\jakarta.activation-api\2.1.3\jakarta.activation-api-2.1.3.jar;D:\My_warehouse\.m2\repository\net\minidev\json-smart\2.5.2\json-smart-2.5.2.jar;D:\My_warehouse\.m2\repository\net\minidev\accessors-smart\2.5.2\accessors-smart-2.5.2.jar;D:\My_warehouse\.m2\repository\org\ow2\asm\asm\9.7.1\asm-9.7.1.jar;D:\My_warehouse\.m2\repository\org\assertj\assertj-core\3.26.3\assertj-core-3.26.3.jar;D:\My_warehouse\.m2\repository\net\bytebuddy\byte-buddy\1.15.11\byte-buddy-1.15.11.jar;D:\My_warehouse\.m2\repository\org\awaitility\awaitility\4.2.2\awaitility-4.2.2.jar;D:\My_warehouse\.m2\repository\org\hamcrest\hamcrest\2.2\hamcrest-2.2.jar;D:\My_warehouse\.m2\repository\org\junit\jupiter\junit-jupiter\5.11.4\junit-jupiter-5.11.4.jar;D:\My_warehouse\.m2\repository\org\junit\jupiter\junit-jupiter-api\5.11.4\junit-jupiter-api-5.11.4.jar;D:\My_warehouse\.m2\repository\org\opentest4j\opentest4j\1.3.0\opentest4j-1.3.0.jar;D:\My_warehouse\.m2\repository\org\junit\platform\junit-platform-commons\1.11.4\junit-platform-commons-1.11.4.jar;D:\My_warehouse\.m2\repository\org\apiguardian\apiguardian-api\1.1.2\apiguardian-api-1.1.2.jar;D:\My_warehouse\.m2\repository\org\junit\jupiter\junit-jupiter-params\5.11.4\junit-jupiter-params-5.11.4.jar;D:\My_warehouse\.m2\repository\org\junit\jupiter\junit-jupiter-engine\5.11.4\junit-jupiter-engine-5.11.4.jar;D:\My_warehouse\.m2\repository\org\junit\platform\junit-platform-engine\1.11.4\junit-platform-engine-1.11.4.jar;D:\My_warehouse\.m2\repository\org\mockito\mockito-core\5.14.2\mockito-core-5.14.2.jar;D:\My_warehouse\.m2\repository\net\bytebuddy\byte-buddy-agent\1.15.11\byte-buddy-agent-1.15.11.jar;D:\My_warehouse\.m2\repository\org\objenesis\objenesis\3.3\objenesis-3.3.jar;D:\My_warehouse\.m2\repository\org\mockito\mockito-junit-jupiter\5.14.2\mockito-junit-jupiter-5.14.2.jar;D:\My_warehouse\.m2\repository\org\skyscreamer\jsonassert\1.5.3\jsonassert-1.5.3.jar;D:\My_warehouse\.m2\repository\com\vaadin\external\google\android-json\0.0.20131108.vaadin1\android-json-0.0.20131108.vaadin1.jar;D:\My_warehouse\.m2\repository\org\springframework\spring-core\6.2.3\spring-core-6.2.3.jar;D:\My_warehouse\.m2\repository\org\springframework\spring-jcl\6.2.3\spring-jcl-6.2.3.jar;D:\My_warehouse\.m2\repository\org\springframework\spring-test\6.2.3\spring-test-6.2.3.jar;D:\My_warehouse\.m2\repository\org\xmlunit\xmlunit-core\2.10.0\xmlunit-core-2.10.0.jar;D:\My_warehouse\.m2\repository\org\mybatis\spring\boot\mybatis-spring-boot-starter-test\3.0.4\mybatis-spring-boot-starter-test-3.0.4.jar;D:\My_warehouse\.m2\repository\org\mybatis\spring\boot\mybatis-spring-boot-test-autoconfigure\3.0.4\mybatis-spring-boot-test-autoconfigure-3.0.4.jar;D:\My_warehouse\.m2\repository\org\springframework\spring-tx\6.2.3\spring-tx-6.2.3.jar;"/>
    <property name="sun.cpu.endian" value="little"/>
    <property name="user.home" value="C:\Users\苏李涛"/>
    <property name="user.language" value="zh"/>
    <property name="java.specification.vendor" value="Oracle Corporation"/>
    <property name="java.version.date" value="2023-10-17"/>
    <property name="java.home" value="C:\Program Files\Java\jdk-17"/>
    <property name="file.separator" value="\"/>
    <property name="basedir" value="D:\Second warehouse_code\Spring-mybaties"/>
    <property name="java.vm.compressedOopsMode" value="Zero based"/>
    <property name="line.separator" value="&#10;"/>
    <property name="java.vm.specification.vendor" value="Oracle Corporation"/>
    <property name="java.specification.name" value="Java Platform API Specification"/>
    <property name="FILE_LOG_CHARSET" value="GBK"/>
    <property name="java.awt.headless" value="true"/>
    <property name="surefire.real.class.path" value="C:\Users\苏李涛\AppData\Local\Temp\surefire11507713188661484492\surefirebooter-20250304231118856_3.jar"/>
    <property name="user.script" value=""/>
    <property name="sun.management.compiler" value="HotSpot 64-Bit Tiered Compilers"/>
    <property name="java.runtime.version" value="17.0.9+11-LTS-201"/>
    <property name="user.name" value="苏李涛"/>
    <property name="path.separator" value=";"/>
    <property name="os.version" value="10.0"/>
    <property name="java.runtime.name" value="Java(TM) SE Runtime Environment"/>
    <property name="file.encoding" value="GBK"/>
    <property name="java.vm.name" value="Java HotSpot(TM) 64-Bit Server VM"/>
    <property name="localRepository" value="D:\My_warehouse\.m2\repository"/>
    <property name="java.vendor.url.bug" value="https://bugreport.java.com/bugreport/"/>
    <property name="java.io.tmpdir" value="C:\Users\苏李涛\AppData\Local\Temp\"/>
    <property name="idea.version" value="2021.1.1"/>
    <property name="com.zaxxer.hikari.pool_number" value="1"/>
    <property name="java.version" value="17.0.9"/>
    <property name="user.dir" value="D:\Second warehouse_code\Spring-mybaties"/>
    <property name="os.arch" value="amd64"/>
    <property name="java.vm.specification.name" value="Java Virtual Machine Specification"/>
    <property name="PID" value="6708"/>
    <property name="sun.os.patch.level" value=""/>
    <property name="CONSOLE_LOG_CHARSET" value="GBK"/>
    <property name="native.encoding" value="GBK"/>
    <property name="java.library.path" value="C:\Program Files\Java\jdk-17\bin;C:\WINDOWS\Sun\Java\bin;C:\WINDOWS\system32;C:\WINDOWS;C:\Program Files\Common Files\Oracle\Java\javapath;C:\Program Files (x86)\Common Files\Oracle\Java\java8path;C:\Program Files (x86)\Common Files\Oracle\Java\javapath;C:\WINDOWS\system32;C:\WINDOWS;C:\WINDOWS\System32\Wbem;C:\WINDOWS\System32\WindowsPowerShell\v1.0\;C:\WINDOWS\System32\OpenSSH\;C:\Users\Administrator\AppData\Local\Microsoft\WindowsApps;C:\Recovery\OEM\Backup\;C:\Program Files (x86)\NVIDIA Corporation\PhysX\Common;C:\Program Files\Bandizip\;C:\Program Files\Microsoft SQL Server\150\Tools\Binn\;C:\Program Files\Microsoft SQL Server\Client SDK\ODBC\170\Tools\Binn\;C:\Program Files\dotnet\;D:\Windows Kits\10\Windows Performance Toolkit\;D:\github仓库的本地code\Git\cmd;D:\;it.和乌龟的内存\Git\cmd;D:\G;t.和乌龟的内存\Git\cmd;C:\Pr;gram Files\TortoiseGit\bin;D:\D软件\Visual Leak Detector\bin\Win32;D:\D软件\Visual Leak Detector\bin\Win64;C:\Program Files\Java\jdk-17\bin;;C:\WINDOWS\system32;C:\WINDOWS;C:\WINDOWS\System32\Wbem;C:\WINDOWS\System32\WindowsPowerShell\v1.0\;C:\WINDOWS\System32\OpenSSH\;C:\Program Files\MySQL\MySQL Shell 8.0\bin\;C:\Users\苏李涛\AppData\Local\Microsoft\WindowsApps;C:\Users\苏李涛\.dotnet\tools;C:\Program Files\Java\jdk1.8.0_192\bin;D:\D软件\CCtalk;D:\VScode_data\Microsoft VS Code\bin;D:\D_application\Fiddler;C:\Users\苏李涛\AppData\Local\Microsoft\WindowsApps;;C:\Users\苏李涛\AppData\Local\Programs\Ollama;."/>
    <property name="java.vm.info" value="mixed mode, sharing"/>
    <property name="java.vendor" value="Oracle Corporation"/>
    <property name="java.vm.version" value="17.0.9+11-LTS-201"/>
    <property name="sun.io.unicode.encoding" value="UnicodeLittle"/>
    <property name="maven.repo.local" value="D:\My_warehouse\.m2\repository"/>
    <property name="java.class.version" value="61.0"/>
    <property name="LOGGED_APPLICATION_NAME" value="[Spring-mybaties] "/>
  </properties>
  <testcase name="selectAll" classname="com.suli.springmybaties.mapper.UserInfoMapperXMLTest" time="0.02">
    <error message="Invalid bound statement (not found): com.suli.springmybaties.mapper.UserInfoMapperXML.selectAll" type="org.apache.ibatis.binding.BindingException"><![CDATA[org.apache.ibatis.binding.BindingException: Invalid bound statement (not found): com.suli.springmybaties.mapper.UserInfoMapperXML.selectAll
	at org.apache.ibatis.binding.MapperMethod$SqlCommand.<init>(MapperMethod.java:229)
	at org.apache.ibatis.binding.MapperMethod.<init>(MapperMethod.java:53)
	at org.apache.ibatis.binding.MapperProxy.lambda$cachedInvoker$0(MapperProxy.java:96)
	at java.base/java.util.concurrent.ConcurrentHashMap.computeIfAbsent(ConcurrentHashMap.java:1708)
	at org.apache.ibatis.util.MapUtil.computeIfAbsent(MapUtil.java:36)
	at org.apache.ibatis.binding.MapperProxy.cachedInvoker(MapperProxy.java:94)
	at org.apache.ibatis.binding.MapperProxy.invoke(MapperProxy.java:86)
	at jdk.proxy2/jdk.proxy2.$Proxy128.selectAll(Unknown Source)
	at com.suli.springmybaties.mapper.UserInfoMapperXMLTest.selectAll(UserInfoMapperXMLTest.java:16)
	at java.base/java.lang.reflect.Method.invoke(Method.java:568)
	at java.base/java.util.ArrayList.forEach(ArrayList.java:1511)
	at java.base/java.util.ArrayList.forEach(ArrayList.java:1511)
]]></error>
    <system-out><![CDATA[2025-03-04T23:11:23.367+08:00  INFO 6708 --- [Spring-mybaties] [           main] t.c.s.AnnotationConfigContextLoaderUtils : Could not detect default configuration classes for test class [com.suli.springmybaties.mapper.UserInfoMapperXMLTest]: UserInfoMapperXMLTest does not declare any static, non-private, non-final, nested classes annotated with @Configuration.
2025-03-04T23:11:23.370+08:00  INFO 6708 --- [Spring-mybaties] [           main] .b.t.c.SpringBootTestContextBootstrapper : Found @SpringBootConfiguration com.suli.springmybaties.SpringMybatiesApplication for test class com.suli.springmybaties.mapper.UserInfoMapperXMLTest
]]></system-out>
  </testcase>
</testsuite>